<?xml version="1.0" encoding="UTF-8"?>
<testsuites name="Mocha Tests" time="0.345" tests="1" failures="0">
  <testsuite name="Root Suite" timestamp="2020-05-30T23:17:13" tests="0" file="cypress/e2e/two.js" failures="0" time="0">
  </testsuite>
  <testsuite name="Two test" timestamp="2020-05-30T23:17:13" tests="1" failures="0" time="0.345">
    <testcase name="Two test Navigate to Two" time="0.345" classname="Navigate to Two">
    </testcase>
  </testsuite>
</testsuites>